<?xml version="1.0" encoding="UTF-8"?>
<testng-results skipped="0" failed="0" total="5" passed="5">
  <reporter-output>
  </reporter-output>
  <suite name="testproj" duration-ms="240" started-at="2017-07-17T01:48:23Z" finished-at="2017-07-17T01:48:24Z">
    <groups>
    </groups>
    <test name="testDemo1" duration-ms="240" started-at="2017-07-17T01:48:23Z" finished-at="2017-07-17T01:48:24Z">
      <class name="com.mizlicai.cashier.testcase.testng.WebTest">
        <test-method status="PASS" signature="testServer()[pri:0, instance:com.mizlicai.cashier.testcase.testng.WebTest@192d43ce]" name="testServer" duration-ms="123" started-at="2017-07-17T09:48:24Z" finished-at="2017-07-17T09:48:24Z">
          <reporter-output>
          </reporter-output>
        </test-method> <!-- testServer -->
        <test-method status="PASS" signature="testServer()[pri:0, instance:com.mizlicai.cashier.testcase.testng.WebTest@1afd44cb]" name="testServer" duration-ms="4" started-at="2017-07-17T09:48:24Z" finished-at="2017-07-17T09:48:24Z">
          <reporter-output>
          </reporter-output>
        </test-method> <!-- testServer -->
        <test-method status="PASS" signature="testServer()[pri:0, instance:com.mizlicai.cashier.testcase.testng.WebTest@5f058f00]" name="testServer" duration-ms="1" started-at="2017-07-17T09:48:24Z" finished-at="2017-07-17T09:48:24Z">
          <reporter-output>
          </reporter-output>
        </test-method> <!-- testServer -->
        <test-method status="PASS" signature="testServer()[pri:0, instance:com.mizlicai.cashier.testcase.testng.WebTest@6973b51b]" name="testServer" duration-ms="1" started-at="2017-07-17T09:48:24Z" finished-at="2017-07-17T09:48:24Z">
          <reporter-output>
          </reporter-output>
        </test-method> <!-- testServer -->
        <test-method status="PASS" signature="testServer()[pri:0, instance:com.mizlicai.cashier.testcase.testng.WebTest@72057ecf]" name="testServer" duration-ms="2" started-at="2017-07-17T09:48:24Z" finished-at="2017-07-17T09:48:24Z">
          <reporter-output>
          </reporter-output>
        </test-method> <!-- testServer -->
      </class> <!-- com.mizlicai.cashier.testcase.testng.WebTest -->
    </test> <!-- testDemo1 -->
  </suite> <!-- testproj -->
</testng-results>
